<?xml version="1.0" encoding="UTF-8"?>
<!-- Generated by org.testng.reporters.JUnitReportReporter -->
<testsuite hostname="SarthakDell" failures="0" tests="1" name="com.tutorialsninja.qa.TestCases.SearchProductTest" time="6.835" errors="0" timestamp="2023-11-18T15:49:18 EST" skipped="0">
  <testcase classname="com.tutorialsninja.qa.TestCases.SearchProductTest" name="verifySearchWithNoProduct" time="6.835"/>
</testsuite> <!-- com.tutorialsninja.qa.TestCases.SearchProductTest -->
