<?xml version="1.0" encoding="UTF-8"?>
<!-- Generated by org.testng.reporters.JUnitReportReporter -->
<testsuite hostname="SarthakDell" failures="0" tests="12" name="com.tutorialsninja.qa.TestCases.LoginTest" time="73.543" errors="0" timestamp="2023-11-19T12:47:42 EST" skipped="0">
  <testcase classname="com.tutorialsninja.qa.TestCases.LoginTest" name="verifyLoginWithValidCredentials" time="6.364"/>
  <testcase classname="com.tutorialsninja.qa.TestCases.LoginTest" name="verifyLoginWithValidCredentials" time="6.394"/>
  <testcase classname="com.tutorialsninja.qa.TestCases.LoginTest" name="verifyLoginWithValidCredentials" time="6.538"/>
  <testcase classname="com.tutorialsninja.qa.TestCases.LoginTest" name="verifyLoginWithValidCredentials" time="6.032"/>
  <testcase classname="com.tutorialsninja.qa.TestCases.LoginTest" name="verifyLoginWithValidCredentials" time="6.329"/>
  <testcase classname="com.tutorialsninja.qa.TestCases.LoginTest" name="verifyLoginWithValidCredentials" time="6.051"/>
  <testcase classname="com.tutorialsninja.qa.TestCases.LoginTest" name="verifyLoginWithValidCredentials" time="7.290"/>
  <testcase classname="com.tutorialsninja.qa.TestCases.LoginTest" name="verifyLoginWithValidCredentials" time="6.554"/>
  <testcase classname="com.tutorialsninja.qa.TestCases.LoginTest" name="VerifyLoginWithInvalidEmailValidPassword" time="5.526"/>
  <testcase classname="com.tutorialsninja.qa.TestCases.LoginTest" name="VerifyLoginWithValidEmailInvalidPassword" time="5.477"/>
  <testcase classname="com.tutorialsninja.qa.TestCases.LoginTest" name="VerifyLoginWithInvalidCredentials" time="6.071"/>
  <testcase classname="com.tutorialsninja.qa.TestCases.LoginTest" name="VerifyLoginWithNoCredentials" time="4.917"/>
</testsuite> <!-- com.tutorialsninja.qa.TestCases.LoginTest -->
