<?xml version="1.0" encoding="UTF-8"?>
<!-- Generated by org.testng.reporters.JUnitReportReporter -->
<testsuite hostname="SarthakDell" failures="0" tests="1" name="com.tutorialsninja.qa.TestCases.LoginTest" time="6.533" errors="0" timestamp="2023-11-18T14:41:35 EST" skipped="0">
  <testcase classname="com.tutorialsninja.qa.TestCases.LoginTest" name="VerifyLoginWithInvalidCredentials" time="6.533"/>
</testsuite> <!-- com.tutorialsninja.qa.TestCases.LoginTest -->
