<?xml version="1.0" encoding="UTF-8"?>
<!-- Generated by org.testng.reporters.JUnitReportReporter -->
<testsuite hostname="SarthakDell" failures="0" tests="1" name="com.tutorialsninja.qa.TestCases.AddToCartTest" time="15.780" errors="0" timestamp="2023-11-19T12:47:42 EST" skipped="0">
  <testcase classname="com.tutorialsninja.qa.TestCases.AddToCartTest" name="checkingOutValidProduct" time="15.780"/>
</testsuite> <!-- com.tutorialsninja.qa.TestCases.AddToCartTest -->
