<?xml version="1.0" encoding="UTF-8"?>
<!-- Generated by org.testng.reporters.JUnitReportReporter -->
<testsuite hostname="SarthakDell" failures="0" tests="1" name="com.tutorialsninja.qa.TestCases.AddToCartTest" time="17.786" errors="0" timestamp="2023-11-19T14:34:07 EST" skipped="0">
  <testcase classname="com.tutorialsninja.qa.TestCases.AddToCartTest" name="checkingOutValidProduct" time="17.786"/>
</testsuite> <!-- com.tutorialsninja.qa.TestCases.AddToCartTest -->
