<?xml version="1.0" encoding="UTF-8"?>
<!-- Generated by org.testng.reporters.JUnitReportReporter -->
<testsuite hostname="SarthakDell" failures="0" tests="1" name="com.tutorialsninja.qa.TestCases.RegisterTest" time="8.461" errors="0" timestamp="2023-11-18T15:36:05 EST" skipped="0">
  <testcase classname="com.tutorialsninja.qa.TestCases.RegisterTest" name="verifyingRegisterWithNoFields" time="8.461"/>
</testsuite> <!-- com.tutorialsninja.qa.TestCases.RegisterTest -->
